000 09 3FE 0A 000
001 06 200 21 203
002 09 3FF 0A 000
003 06 200 21 204
004 01 3FD 21 205
005 01 1FF 21 206
006 01 205 12 008
007 01 206 12 008
008 01 006 21 007
009 01 206 05 200
00A 21 206 01 205
00B 05 3FF 21 205
00C 01 203 06 200
00D 21 203 0F 006
00E 01 201 05 200
00F 21 201 01 3FD
010 05 201 21 205
011 01 3FE 06 200
012 21 203 01 204
013 06 200 21 204
014 0F 006 01 202
015 05 100 05 101
016 05 102 05 103
017 05 104 05 105
018 0D 400 00 000
040 00 000 00 001
041 00 000 00 002
042 00 000 00 003
043 00 000 00 004
044 00 000 00 005
045 00 000 00 006
1FF 00 000 00 064
200 00 000 00 001
201 00 000 00 001
202 00 000 00 000
3FD 00 000 00 028
3FE 00 000 00 003
3FF 00 000 00 002